rm -f results.xml
"make" -f Makefile results.xml
make[1]: Entering directory '/home/spacebar/School/ece510/ECE510_Hardware_For_AI/project/m2/tb'
rm -f results.xml
COCOTB_TEST_MODULES=test_encoder_axi COCOTB_TESTCASE= COCOTB_TEST_FILTER= COCOTB_TOPLEVEL=encoder_axi TOPLEVEL_LANG=verilog \
         /usr/bin/vvp -M /home/spacebar/venv/lib/python3.13/site-packages/cocotb/libs -m libcocotbvpi_icarus   sim_build/encoder_axi/sim.vvp   
     -.--ns INFO     gpi                                ..mbed/gpi_embed.cpp:93   in _embed_init_python              Using Python 3.13.0rc1 interpreter at /home/spacebar/venv/bin/python3
     -.--ns INFO     gpi                                ../gpi/GpiCommon.cpp:79   in gpi_print_registered_impl       VPI registered
     0.00ns INFO     cocotb                             Running on Icarus Verilog version 12.0 (stable)
     0.00ns INFO     cocotb                             Seeding Python random module with 1777864049
     0.00ns INFO     cocotb                             Initialized cocotb v2.0.1 from /home/spacebar/venv/lib/python3.13/site-packages/cocotb
     0.00ns INFO     cocotb.regression                  pytest not found, install it to enable better AssertionError messages
     0.00ns INFO     cocotb                             Running tests
     0.00ns INFO     cocotb.regression                  running test_encoder_axi.test_weight_phase_ready (1/3)
                                                            s_axis_tready=1 throughout ST_WEIGHT_LOAD.
   680.00ns INFO     cocotb.encoder_axi                 test_weight_phase_ready: PASSED
   680.00ns INFO     cocotb.regression                  test_encoder_axi.test_weight_phase_ready passed
   680.00ns INFO     cocotb.regression                  running test_encoder_axi.test_input_phase_ready (2/3)
                                                            After weight phase, s_axis_tready=1 while accumulating C_IN bytes.
  1510.00ns INFO     cocotb.encoder_axi                 test_input_phase_ready: PASSED
  1510.00ns INFO     cocotb.regression                  test_encoder_axi.test_input_phase_ready passed
  1510.00ns INFO     cocotb.regression                  running test_encoder_axi.test_full_pipeline (3/3)
                                                            Weight phase → input phase → 10-layer inference → C_OUT bytes on M_AXIS.
  1540.01ns INFO     cocotb.encoder_axi                 Weight phase: sending 64 bytes…
  2180.01ns INFO     cocotb.encoder_axi                 Weight phase complete. FSM now in ST_INPUT.
  2180.01ns INFO     cocotb.encoder_axi                 Input phase: sending 16 bytes (TLAST on last)…
  2340.01ns INFO     cocotb.encoder_axi                 Input phase complete. Waiting for m_axis_tvalid…
1826960.00ns INFO     cocotb.encoder_axi                 m_axis_tvalid asserted. Receiving 256 output bytes…
1829520.00ns INFO     cocotb.encoder_axi                 test_full_pipeline: PASSED
1829520.00ns INFO     cocotb.regression                  test_encoder_axi.test_full_pipeline passed
1829520.00ns INFO     cocotb.regression                  **************************************************************************************************
                                                         ** TEST                                      STATUS  SIM TIME (ns)  REAL TIME (s)  RATIO (ns/s) **
                                                         **************************************************************************************************
                                                         ** test_encoder_axi.test_weight_phase_ready   PASS         680.00           0.08       8408.98  **
                                                         ** test_encoder_axi.test_input_phase_ready    PASS         830.00           0.01     134179.09  **
                                                         ** test_encoder_axi.test_full_pipeline        PASS     1828010.00          18.36      99556.98  **
                                                         **************************************************************************************************
                                                         ** TESTS=3 PASS=3 FAIL=0 SKIP=0                        1829520.00          18.45      99160.57  **
                                                         **************************************************************************************************
make[1]: Leaving directory '/home/spacebar/School/ece510/ECE510_Hardware_For_AI/project/m2/tb'
